{"H:\\Programming\\node_rs_school\\ciphering_cli_tool\\modules\\getConfigData.js": {"path":"H:\\Programming\\node_rs_school\\ciphering_cli_tool\\modules\\getConfigData.js","statementMap":{"0":{"start":{"line":1,"column":22},"end":{"line":7,"column":1}},"1":{"start":{"line":2,"column":15},"end":{"line":2,"column":32}},"2":{"start":{"line":3,"column":18},"end":{"line":3,"column":65}},"3":{"start":{"line":3,"column":36},"end":{"line":3,"column":64}},"4":{"start":{"line":4,"column":2},"end":{"line":4,"column":38}},"5":{"start":{"line":4,"column":16},"end":{"line":4,"column":38}},"6":{"start":{"line":6,"column":2},"end":{"line":6,"column":24}},"7":{"start":{"line":9,"column":0},"end":{"line":9,"column":31}}},"fnMap":{"0":{"name":"(anonymous_0)","decl":{"start":{"line":1,"column":22},"end":{"line":1,"column":23}},"loc":{"start":{"line":1,"column":32},"end":{"line":7,"column":1}},"line":1},"1":{"name":"(anonymous_1)","decl":{"start":{"line":3,"column":29},"end":{"line":3,"column":30}},"loc":{"start":{"line":3,"column":36},"end":{"line":3,"column":64}},"line":3}},"branchMap":{"0":{"loc":{"start":{"line":4,"column":2},"end":{"line":4,"column":38}},"type":"if","locations":[{"start":{"line":4,"column":2},"end":{"line":4,"column":38}},{"start":{},"end":{}}],"line":4}},"s":{"0":1,"1":5,"2":5,"3":32,"4":5,"5":5,"6":0,"7":1},"f":{"0":5,"1":32},"b":{"0":[5,0]},"_coverageSchema":"1a1c01bbd47fc00a2c39e90264f33305004495a9","hash":"20371b05ddc3296f4d7ddb43cf98dac32ec6754e"}
,"H:\\Programming\\node_rs_school\\ciphering_cli_tool\\modules\\getErrorMessage.js": {"path":"H:\\Programming\\node_rs_school\\ciphering_cli_tool\\modules\\getErrorMessage.js","statementMap":{"0":{"start":{"line":1,"column":24},"end":{"line":9,"column":1}},"1":{"start":{"line":2,"column":4},"end":{"line":8,"column":5}},"2":{"start":{"line":3,"column":16},"end":{"line":3,"column":40}},"3":{"start":{"line":4,"column":16},"end":{"line":4,"column":53}},"4":{"start":{"line":5,"column":16},"end":{"line":5,"column":50}},"5":{"start":{"line":6,"column":16},"end":{"line":6,"column":52}},"6":{"start":{"line":7,"column":17},"end":{"line":7,"column":29}},"7":{"start":{"line":11,"column":0},"end":{"line":11,"column":33}}},"fnMap":{"0":{"name":"(anonymous_0)","decl":{"start":{"line":1,"column":24},"end":{"line":1,"column":25}},"loc":{"start":{"line":1,"column":32},"end":{"line":9,"column":1}},"line":1}},"branchMap":{"0":{"loc":{"start":{"line":2,"column":4},"end":{"line":8,"column":5}},"type":"switch","locations":[{"start":{"line":3,"column":8},"end":{"line":3,"column":40}},{"start":{"line":4,"column":8},"end":{"line":4,"column":53}},{"start":{"line":5,"column":8},"end":{"line":5,"column":50}},{"start":{"line":6,"column":8},"end":{"line":6,"column":52}},{"start":{"line":7,"column":8},"end":{"line":7,"column":29}}],"line":2}},"s":{"0":1,"1":5,"2":1,"3":1,"4":1,"5":1,"6":1,"7":1},"f":{"0":5},"b":{"0":[1,1,1,1,1]},"_coverageSchema":"1a1c01bbd47fc00a2c39e90264f33305004495a9","hash":"b3eae5eacfebe61aaca5b70683bc49f7e796804c"}
,"H:\\Programming\\node_rs_school\\ciphering_cli_tool\\modules\\getFilteredParams.js": {"path":"H:\\Programming\\node_rs_school\\ciphering_cli_tool\\modules\\getFilteredParams.js","statementMap":{"0":{"start":{"line":1,"column":26},"end":{"line":8,"column":1}},"1":{"start":{"line":3,"column":2},"end":{"line":7,"column":3}},"2":{"start":{"line":10,"column":0},"end":{"line":10,"column":35}}},"fnMap":{"0":{"name":"(anonymous_0)","decl":{"start":{"line":1,"column":26},"end":{"line":1,"column":27}},"loc":{"start":{"line":1,"column":38},"end":{"line":8,"column":1}},"line":1}},"branchMap":{"0":{"loc":{"start":{"line":4,"column":12},"end":{"line":4,"column":37}},"type":"binary-expr","locations":[{"start":{"line":4,"column":12},"end":{"line":4,"column":20}},{"start":{"line":4,"column":24},"end":{"line":4,"column":37}}],"line":4},"1":{"loc":{"start":{"line":5,"column":11},"end":{"line":5,"column":43}},"type":"binary-expr","locations":[{"start":{"line":5,"column":11},"end":{"line":5,"column":19}},{"start":{"line":5,"column":23},"end":{"line":5,"column":35}},{"start":{"line":5,"column":39},"end":{"line":5,"column":43}}],"line":5},"2":{"loc":{"start":{"line":6,"column":12},"end":{"line":6,"column":45}},"type":"binary-expr","locations":[{"start":{"line":6,"column":12},"end":{"line":6,"column":20}},{"start":{"line":6,"column":24},"end":{"line":6,"column":37}},{"start":{"line":6,"column":41},"end":{"line":6,"column":45}}],"line":6}},"s":{"0":1,"1":7,"2":1},"f":{"0":7},"b":{"0":[7,3],"1":[7,5,4],"2":[7,5,4]},"_coverageSchema":"1a1c01bbd47fc00a2c39e90264f33305004495a9","hash":"cbbe126cbf1c4851aa44a98d113f263bbdf287e0"}
,"H:\\Programming\\node_rs_school\\ciphering_cli_tool\\modules\\getParams.js": {"path":"H:\\Programming\\node_rs_school\\ciphering_cli_tool\\modules\\getParams.js","statementMap":{"0":{"start":{"line":1,"column":23},"end":{"line":1,"column":50}},"1":{"start":{"line":3,"column":18},"end":{"line":28,"column":1}},"2":{"start":{"line":4,"column":2},"end":{"line":4,"column":42}},"3":{"start":{"line":4,"column":20},"end":{"line":4,"column":42}},"4":{"start":{"line":5,"column":2},"end":{"line":5,"column":71}},"5":{"start":{"line":5,"column":49},"end":{"line":5,"column":71}},"6":{"start":{"line":6,"column":2},"end":{"line":6,"column":45}},"7":{"start":{"line":6,"column":23},"end":{"line":6,"column":45}},"8":{"start":{"line":8,"column":22},"end":{"line":8,"column":24}},"9":{"start":{"line":11,"column":2},"end":{"line":22,"column":4}},"10":{"start":{"line":12,"column":4},"end":{"line":12,"column":71}},"11":{"start":{"line":12,"column":51},"end":{"line":12,"column":71}},"12":{"start":{"line":13,"column":4},"end":{"line":13,"column":64}},"13":{"start":{"line":13,"column":50},"end":{"line":13,"column":64}},"14":{"start":{"line":14,"column":4},"end":{"line":14,"column":37}},"15":{"start":{"line":14,"column":13},"end":{"line":14,"column":37}},"16":{"start":{"line":15,"column":4},"end":{"line":21,"column":5}},"17":{"start":{"line":16,"column":6},"end":{"line":16,"column":31}},"18":{"start":{"line":17,"column":6},"end":{"line":17,"column":18}},"19":{"start":{"line":19,"column":6},"end":{"line":19,"column":17}},"20":{"start":{"line":20,"column":6},"end":{"line":20,"column":17}},"21":{"start":{"line":24,"column":2},"end":{"line":24,"column":77}},"22":{"start":{"line":24,"column":55},"end":{"line":24,"column":77}},"23":{"start":{"line":25,"column":2},"end":{"line":25,"column":57}},"24":{"start":{"line":25,"column":35},"end":{"line":25,"column":57}},"25":{"start":{"line":27,"column":2},"end":{"line":27,"column":21}},"26":{"start":{"line":30,"column":0},"end":{"line":30,"column":27}}},"fnMap":{"0":{"name":"(anonymous_0)","decl":{"start":{"line":3,"column":18},"end":{"line":3,"column":19}},"loc":{"start":{"line":3,"column":26},"end":{"line":28,"column":1}},"line":3},"1":{"name":"(anonymous_1)","decl":{"start":{"line":11,"column":15},"end":{"line":11,"column":16}},"loc":{"start":{"line":11,"column":23},"end":{"line":22,"column":3}},"line":11}},"branchMap":{"0":{"loc":{"start":{"line":4,"column":2},"end":{"line":4,"column":42}},"type":"if","locations":[{"start":{"line":4,"column":2},"end":{"line":4,"column":42}},{"start":{},"end":{}}],"line":4},"1":{"loc":{"start":{"line":5,"column":2},"end":{"line":5,"column":71}},"type":"if","locations":[{"start":{"line":5,"column":2},"end":{"line":5,"column":71}},{"start":{},"end":{}}],"line":5},"2":{"loc":{"start":{"line":6,"column":2},"end":{"line":6,"column":45}},"type":"if","locations":[{"start":{"line":6,"column":2},"end":{"line":6,"column":45}},{"start":{},"end":{}}],"line":6},"3":{"loc":{"start":{"line":12,"column":4},"end":{"line":12,"column":71}},"type":"if","locations":[{"start":{"line":12,"column":4},"end":{"line":12,"column":71}},{"start":{},"end":{}}],"line":12},"4":{"loc":{"start":{"line":12,"column":8},"end":{"line":12,"column":49}},"type":"binary-expr","locations":[{"start":{"line":12,"column":8},"end":{"line":12,"column":30}},{"start":{"line":12,"column":34},"end":{"line":12,"column":49}}],"line":12},"5":{"loc":{"start":{"line":13,"column":4},"end":{"line":13,"column":64}},"type":"if","locations":[{"start":{"line":13,"column":4},"end":{"line":13,"column":64}},{"start":{},"end":{}}],"line":13},"6":{"loc":{"start":{"line":13,"column":8},"end":{"line":13,"column":48}},"type":"binary-expr","locations":[{"start":{"line":13,"column":8},"end":{"line":13,"column":27}},{"start":{"line":13,"column":31},"end":{"line":13,"column":48}}],"line":13},"7":{"loc":{"start":{"line":14,"column":4},"end":{"line":14,"column":37}},"type":"if","locations":[{"start":{"line":14,"column":4},"end":{"line":14,"column":37}},{"start":{},"end":{}}],"line":14},"8":{"loc":{"start":{"line":15,"column":4},"end":{"line":21,"column":5}},"type":"if","locations":[{"start":{"line":15,"column":4},"end":{"line":21,"column":5}},{"start":{"line":18,"column":11},"end":{"line":21,"column":5}}],"line":15},"9":{"loc":{"start":{"line":24,"column":2},"end":{"line":24,"column":77}},"type":"if","locations":[{"start":{"line":24,"column":2},"end":{"line":24,"column":77}},{"start":{},"end":{}}],"line":24},"10":{"loc":{"start":{"line":25,"column":2},"end":{"line":25,"column":57}},"type":"if","locations":[{"start":{"line":25,"column":2},"end":{"line":25,"column":57}},{"start":{},"end":{}}],"line":25}},"s":{"0":1,"1":1,"2":5,"3":1,"4":4,"5":2,"6":2,"7":1,"8":1,"9":1,"10":4,"11":0,"12":4,"13":2,"14":4,"15":2,"16":4,"17":2,"18":2,"19":2,"20":2,"21":1,"22":0,"23":1,"24":0,"25":1,"26":1},"f":{"0":5,"1":4},"b":{"0":[1,4],"1":[2,2],"2":[1,1],"3":[0,4],"4":[4,0],"5":[2,2],"6":[4,2],"7":[2,2],"8":[2,2],"9":[0,1],"10":[0,1]},"_coverageSchema":"1a1c01bbd47fc00a2c39e90264f33305004495a9","hash":"a9efcc6e4af02a15fb1d2ff9d0c8c04bc27b23df"}
,"H:\\Programming\\node_rs_school\\ciphering_cli_tool\\modules\\isDoubleParams.js": {"path":"H:\\Programming\\node_rs_school\\ciphering_cli_tool\\modules\\isDoubleParams.js","statementMap":{"0":{"start":{"line":1,"column":23},"end":{"line":7,"column":1}},"1":{"start":{"line":2,"column":2},"end":{"line":6,"column":3}},"2":{"start":{"line":9,"column":0},"end":{"line":9,"column":32}}},"fnMap":{"0":{"name":"(anonymous_0)","decl":{"start":{"line":1,"column":23},"end":{"line":1,"column":24}},"loc":{"start":{"line":1,"column":38},"end":{"line":7,"column":1}},"line":1}},"branchMap":{"0":{"loc":{"start":{"line":3,"column":4},"end":{"line":5,"column":39}},"type":"binary-expr","locations":[{"start":{"line":3,"column":4},"end":{"line":3,"column":17}},{"start":{"line":3,"column":21},"end":{"line":3,"column":39}},{"start":{"line":4,"column":4},"end":{"line":4,"column":17}},{"start":{"line":4,"column":21},"end":{"line":4,"column":38}},{"start":{"line":5,"column":4},"end":{"line":5,"column":17}},{"start":{"line":5,"column":21},"end":{"line":5,"column":39}}],"line":3}},"s":{"0":2,"1":4,"2":2},"f":{"0":4},"b":{"0":[4,2,3,2,2,1]},"_coverageSchema":"1a1c01bbd47fc00a2c39e90264f33305004495a9","hash":"0529092cad47591edb867025fc584608b285e179"}
}
