TN:
SF:modules\getConfigData.js
FN:1,(anonymous_0)
FN:3,(anonymous_1)
FNF:2
FNH:2
FNDA:5,(anonymous_0)
FNDA:32,(anonymous_1)
DA:1,1
DA:2,5
DA:3,32
DA:4,5
DA:6,0
DA:9,1
LF:6
LH:5
BRDA:4,0,0,5
BRDA:4,0,1,0
BRF:2
BRH:1
end_of_record
TN:
SF:modules\getErrorMessage.js
FN:1,(anonymous_0)
FNF:1
FNH:1
FNDA:5,(anonymous_0)
DA:1,1
DA:2,5
DA:3,1
DA:4,1
DA:5,1
DA:6,1
DA:7,1
DA:11,1
LF:8
LH:8
BRDA:2,0,0,1
BRDA:2,0,1,1
BRDA:2,0,2,1
BRDA:2,0,3,1
BRDA:2,0,4,1
BRF:5
BRH:5
end_of_record
TN:
SF:modules\getFilteredParams.js
FN:1,(anonymous_0)
FNF:1
FNH:1
FNDA:7,(anonymous_0)
DA:1,1
DA:3,7
DA:10,1
LF:3
LH:3
BRDA:4,0,0,7
BRDA:4,0,1,3
BRDA:5,1,0,7
BRDA:5,1,1,5
BRDA:5,1,2,4
BRDA:6,2,0,7
BRDA:6,2,1,5
BRDA:6,2,2,4
BRF:8
BRH:8
end_of_record
TN:
SF:modules\getParams.js
FN:3,(anonymous_0)
FN:11,(anonymous_1)
FNF:2
FNH:2
FNDA:5,(anonymous_0)
FNDA:4,(anonymous_1)
DA:1,1
DA:3,1
DA:4,5
DA:5,4
DA:6,2
DA:8,1
DA:11,1
DA:12,4
DA:13,4
DA:14,4
DA:15,4
DA:16,2
DA:17,2
DA:19,2
DA:20,2
DA:24,1
DA:25,1
DA:27,1
DA:30,1
LF:19
LH:19
BRDA:4,0,0,1
BRDA:4,0,1,4
BRDA:5,1,0,2
BRDA:5,1,1,2
BRDA:6,2,0,1
BRDA:6,2,1,1
BRDA:12,3,0,0
BRDA:12,3,1,4
BRDA:12,4,0,4
BRDA:12,4,1,0
BRDA:13,5,0,2
BRDA:13,5,1,2
BRDA:13,6,0,4
BRDA:13,6,1,2
BRDA:14,7,0,2
BRDA:14,7,1,2
BRDA:15,8,0,2
BRDA:15,8,1,2
BRDA:24,9,0,0
BRDA:24,9,1,1
BRDA:25,10,0,0
BRDA:25,10,1,1
BRF:22
BRH:18
end_of_record
TN:
SF:modules\isDoubleParams.js
FN:1,(anonymous_0)
FNF:1
FNH:1
FNDA:4,(anonymous_0)
DA:1,2
DA:2,4
DA:9,2
LF:3
LH:3
BRDA:3,0,0,4
BRDA:3,0,1,2
BRDA:3,0,2,3
BRDA:3,0,3,2
BRDA:3,0,4,2
BRDA:3,0,5,1
BRF:6
BRH:6
end_of_record
